15:01:13 06.07.26 ERROR An error has been caught in function '_trigger_event', process 'MainProcess' (11932), thread 'MainThread' (140141690005376):
Traceback (most recent call last):

  File "/home/smn/github/config/main.py", line 56, in <module>
    run(main, view=AppView.FLET_APP)
    │   │          │       └ <AppView.FLET_APP: 'flet_app'>
    │   │          └ <enum 'AppView'>
    │   └ <function main at 0x7f75464c1c70>
    └ <function run at 0x7f75468961f0>

  File "/home/smn/github/config/.venv/lib/python3.14/site-packages/flet/app.py", line 125, in run
    return asyncio.run(
           │       └ <function run at 0x7f7546fc9640>
           └ <module 'asyncio' from '/home/smn/.local/share/uv/python/cpython-3.14.6-linux-x86_64-gnu/lib/python3.14/asyncio/__init__.py'>
  File "/home/smn/.local/share/uv/python/cpython-3.14.6-linux-x86_64-gnu/lib/python3.14/asyncio/runners.py", line 205, in run
    return runner.run(main)
           │      │   └ <coroutine object run_async at 0x7f75465d9b60>
           │      └ <function Runner.run at 0x7f7546fc9bc0>
           └ <asyncio.runners.Runner object at 0x7f75466663c0>
  File "/home/smn/.local/share/uv/python/cpython-3.14.6-linux-x86_64-gnu/lib/python3.14/asyncio/runners.py", line 128, in run
    return self._loop.run_until_complete(task)
           │    │     │                  └ <Task pending name='Task-1' coro=<run_async() running at /home/smn/github/config/.venv/lib/python3.14/site-packages/flet/app....
           │    │     └ <function BaseEventLoop.run_until_complete at 0x7f7546fc5e80>
           │    └ <_UnixSelectorEventLoop running=True closed=False debug=False>
           └ <asyncio.runners.Runner object at 0x7f75466663c0>
  File "/home/smn/.local/share/uv/python/cpython-3.14.6-linux-x86_64-gnu/lib/python3.14/asyncio/base_events.py", line 706, in run_until_complete
    self.run_forever()
    │    └ <function BaseEventLoop.run_forever at 0x7f7546fc5dd0>
    └ <_UnixSelectorEventLoop running=True closed=False debug=False>
  File "/home/smn/.local/share/uv/python/cpython-3.14.6-linux-x86_64-gnu/lib/python3.14/asyncio/base_events.py", line 677, in run_forever
    self._run_once()
    │    └ <function BaseEventLoop._run_once at 0x7f7546fc7ed0>
    └ <_UnixSelectorEventLoop running=True closed=False debug=False>
  File "/home/smn/.local/share/uv/python/cpython-3.14.6-linux-x86_64-gnu/lib/python3.14/asyncio/base_events.py", line 2056, in _run_once
    handle._run()
    │      └ <function Handle._run at 0x7f75471a78a0>
    └ <Handle <_asyncio.TaskStepMethWrapper object at 0x7f75464dbcd0>()>
  File "/home/smn/.local/share/uv/python/cpython-3.14.6-linux-x86_64-gnu/lib/python3.14/asyncio/events.py", line 94, in _run
    self._context.run(self._callback, *self._args)
    │    │            │    │           │    └ <member '_args' of 'Handle' objects>
    │    │            │    │           └ <Handle <_asyncio.TaskStepMethWrapper object at 0x7f75464dbcd0>()>
    │    │            │    └ <member '_callback' of 'Handle' objects>
    │    │            └ <Handle <_asyncio.TaskStepMethWrapper object at 0x7f75464dbcd0>()>
    │    └ <member '_context' of 'Handle' objects>
    └ <Handle <_asyncio.TaskStepMethWrapper object at 0x7f75464dbcd0>()>
  File "/home/smn/github/config/.venv/lib/python3.14/site-packages/flet/messaging/session.py", line 417, in dispatch_event
    await control._trigger_event(event_name, event_data)
          │       │              │           └ None
          │       │              └ 'click'
          │       └ <function BaseControl._trigger_event at 0x7f7546d585c0>
          └ FilledButton(_i=5, _c='FilledButton', data=None, key=None, expand=None, expand_loose=False, col=12, opacity=1.0, tooltip=None...
> File "/home/smn/github/config/.venv/lib/python3.14/site-packages/flet/controls/base_control.py", line 478, in _trigger_event
    event_handler(e)
    │             └ Event(name='click', data=None)
    └ <function save_settings at 0x7f75464c17a0>

  File "/home/smn/github/config/main.py", line 29, in save_settings
    config[config_set] = {data.label: data.value for data in config_table.controls}
                                                             │            └ []
                                                             └ Column(_i=4, _c='Column', data=None, key=None, expand=None, expand_loose=False, col=12, opacity=1.0, tooltip=None, badge=None...

NameError: name 'config' is not defined
15:01:15 06.07.26 ERROR An error has been caught in function '_trigger_event', process 'MainProcess' (11932), thread 'MainThread' (140141690005376):
Traceback (most recent call last):

  File "/home/smn/github/config/main.py", line 56, in <module>
    run(main, view=AppView.FLET_APP)
    │   │          │       └ <AppView.FLET_APP: 'flet_app'>
    │   │          └ <enum 'AppView'>
    │   └ <function main at 0x7f75464c1c70>
    └ <function run at 0x7f75468961f0>

  File "/home/smn/github/config/.venv/lib/python3.14/site-packages/flet/app.py", line 125, in run
    return asyncio.run(
           │       └ <function run at 0x7f7546fc9640>
           └ <module 'asyncio' from '/home/smn/.local/share/uv/python/cpython-3.14.6-linux-x86_64-gnu/lib/python3.14/asyncio/__init__.py'>
  File "/home/smn/.local/share/uv/python/cpython-3.14.6-linux-x86_64-gnu/lib/python3.14/asyncio/runners.py", line 205, in run
    return runner.run(main)
           │      │   └ <coroutine object run_async at 0x7f75465d9b60>
           │      └ <function Runner.run at 0x7f7546fc9bc0>
           └ <asyncio.runners.Runner object at 0x7f75466663c0>
  File "/home/smn/.local/share/uv/python/cpython-3.14.6-linux-x86_64-gnu/lib/python3.14/asyncio/runners.py", line 128, in run
    return self._loop.run_until_complete(task)
           │    │     │                  └ <Task pending name='Task-1' coro=<run_async() running at /home/smn/github/config/.venv/lib/python3.14/site-packages/flet/app....
           │    │     └ <function BaseEventLoop.run_until_complete at 0x7f7546fc5e80>
           │    └ <_UnixSelectorEventLoop running=True closed=False debug=False>
           └ <asyncio.runners.Runner object at 0x7f75466663c0>
  File "/home/smn/.local/share/uv/python/cpython-3.14.6-linux-x86_64-gnu/lib/python3.14/asyncio/base_events.py", line 706, in run_until_complete
    self.run_forever()
    │    └ <function BaseEventLoop.run_forever at 0x7f7546fc5dd0>
    └ <_UnixSelectorEventLoop running=True closed=False debug=False>
  File "/home/smn/.local/share/uv/python/cpython-3.14.6-linux-x86_64-gnu/lib/python3.14/asyncio/base_events.py", line 677, in run_forever
    self._run_once()
    │    └ <function BaseEventLoop._run_once at 0x7f7546fc7ed0>
    └ <_UnixSelectorEventLoop running=True closed=False debug=False>
  File "/home/smn/.local/share/uv/python/cpython-3.14.6-linux-x86_64-gnu/lib/python3.14/asyncio/base_events.py", line 2056, in _run_once
    handle._run()
    │      └ <function Handle._run at 0x7f75471a78a0>
    └ <Handle <_asyncio.TaskStepMethWrapper object at 0x7f75464d8f70>()>
  File "/home/smn/.local/share/uv/python/cpython-3.14.6-linux-x86_64-gnu/lib/python3.14/asyncio/events.py", line 94, in _run
    self._context.run(self._callback, *self._args)
    │    │            │    │           │    └ <member '_args' of 'Handle' objects>
    │    │            │    │           └ <Handle <_asyncio.TaskStepMethWrapper object at 0x7f75464d8f70>()>
    │    │            │    └ <member '_callback' of 'Handle' objects>
    │    │            └ <Handle <_asyncio.TaskStepMethWrapper object at 0x7f75464d8f70>()>
    │    └ <member '_context' of 'Handle' objects>
    └ <Handle <_asyncio.TaskStepMethWrapper object at 0x7f75464d8f70>()>
  File "/home/smn/github/config/.venv/lib/python3.14/site-packages/flet/messaging/session.py", line 417, in dispatch_event
    await control._trigger_event(event_name, event_data)
          │       │              │           └ None
          │       │              └ 'click'
          │       └ <function BaseControl._trigger_event at 0x7f7546d585c0>
          └ FilledButton(_i=5, _c='FilledButton', data=None, key=None, expand=None, expand_loose=False, col=12, opacity=1.0, tooltip=None...
> File "/home/smn/github/config/.venv/lib/python3.14/site-packages/flet/controls/base_control.py", line 478, in _trigger_event
    event_handler(e)
    │             └ Event(name='click', data=None)
    └ <function save_settings at 0x7f75464c17a0>

  File "/home/smn/github/config/main.py", line 29, in save_settings
    config[config_set] = {data.label: data.value for data in config_table.controls}
                                                             │            └ []
                                                             └ Column(_i=4, _c='Column', data=None, key=None, expand=None, expand_loose=False, col=12, opacity=1.0, tooltip=None, badge=None...

NameError: name 'config' is not defined
15:37:33 06.07.26 ERROR An error has been caught in function '<module>', process 'MainProcess' (35583), thread 'MainThread' (140392185419648):
Traceback (most recent call last):

> File "/home/smn/github/config/main.py", line 62, in <module>
    get_settings()
    └ <function get_settings at 0x7faf9a09f320>

  File "/home/smn/github/config/main.py", line 25, in get_settings
    TextField(label=f"{data}", text_size=20, value=config[files_all.get('config_set')][data])
                                                   │      │         └ <method 'get' of 'dict' objects>
                                                   │      └ {'files_dir': 'files', 'log_dir': 'log', 'config_file': 'config.ini', 'config_set': 'DEFAULT'}
                                                   └ <configparser.ConfigParser object at 0x7faf99a35400>

NameError: name 'TextField' is not defined
15:37:42 06.07.26 ERROR An error has been caught in function '_trigger_event', process 'MainProcess' (35583), thread 'MainThread' (140392185419648):
Traceback (most recent call last):

  File "/home/smn/github/config/main.py", line 63, in <module>
    run(main, view=AppView.FLET_APP)
    │   │          │       └ <AppView.FLET_APP: 'flet_app'>
    │   │          └ <enum 'AppView'>
    │   └ <function main at 0x7faf98fb9dd0>
    └ <function run at 0x7faf993922a0>

  File "/home/smn/github/config/.venv/lib/python3.14/site-packages/flet/app.py", line 125, in run
    return asyncio.run(
           │       └ <function run at 0x7faf99ac56f0>
           └ <module 'asyncio' from '/home/smn/.local/share/uv/python/cpython-3.14.6-linux-x86_64-gnu/lib/python3.14/asyncio/__init__.py'>
  File "/home/smn/.local/share/uv/python/cpython-3.14.6-linux-x86_64-gnu/lib/python3.14/asyncio/runners.py", line 205, in run
    return runner.run(main)
           │      │   └ <coroutine object run_async at 0x7faf990d1f40>
           │      └ <function Runner.run at 0x7faf99ac5c70>
           └ <asyncio.runners.Runner object at 0x7faf9915e3c0>
  File "/home/smn/.local/share/uv/python/cpython-3.14.6-linux-x86_64-gnu/lib/python3.14/asyncio/runners.py", line 128, in run
    return self._loop.run_until_complete(task)
           │    │     │                  └ <Task pending name='Task-1' coro=<run_async() running at /home/smn/github/config/.venv/lib/python3.14/site-packages/flet/app....
           │    │     └ <function BaseEventLoop.run_until_complete at 0x7faf99ac1f30>
           │    └ <_UnixSelectorEventLoop running=True closed=False debug=False>
           └ <asyncio.runners.Runner object at 0x7faf9915e3c0>
  File "/home/smn/.local/share/uv/python/cpython-3.14.6-linux-x86_64-gnu/lib/python3.14/asyncio/base_events.py", line 706, in run_until_complete
    self.run_forever()
    │    └ <function BaseEventLoop.run_forever at 0x7faf99ac1e80>
    └ <_UnixSelectorEventLoop running=True closed=False debug=False>
  File "/home/smn/.local/share/uv/python/cpython-3.14.6-linux-x86_64-gnu/lib/python3.14/asyncio/base_events.py", line 677, in run_forever
    self._run_once()
    │    └ <function BaseEventLoop._run_once at 0x7faf99ac4040>
    └ <_UnixSelectorEventLoop running=True closed=False debug=False>
  File "/home/smn/.local/share/uv/python/cpython-3.14.6-linux-x86_64-gnu/lib/python3.14/asyncio/base_events.py", line 2056, in _run_once
    handle._run()
    │      └ <function Handle._run at 0x7faf99ca3950>
    └ <Handle <_asyncio.TaskStepMethWrapper object at 0x7faf98ed3280>()>
  File "/home/smn/.local/share/uv/python/cpython-3.14.6-linux-x86_64-gnu/lib/python3.14/asyncio/events.py", line 94, in _run
    self._context.run(self._callback, *self._args)
    │    │            │    │           │    └ <member '_args' of 'Handle' objects>
    │    │            │    │           └ <Handle <_asyncio.TaskStepMethWrapper object at 0x7faf98ed3280>()>
    │    │            │    └ <member '_callback' of 'Handle' objects>
    │    │            └ <Handle <_asyncio.TaskStepMethWrapper object at 0x7faf98ed3280>()>
    │    └ <member '_context' of 'Handle' objects>
    └ <Handle <_asyncio.TaskStepMethWrapper object at 0x7faf98ed3280>()>
  File "/home/smn/github/config/.venv/lib/python3.14/site-packages/flet/messaging/session.py", line 417, in dispatch_event
    await control._trigger_event(event_name, event_data)
          │       │              │           └ None
          │       │              └ 'click'
          │       └ <function BaseControl._trigger_event at 0x7faf99854670>
          └ FilledButton(_i=5, _c='FilledButton', data=None, key=None, expand=None, expand_loose=False, col=12, opacity=1.0, tooltip=None...
> File "/home/smn/github/config/.venv/lib/python3.14/site-packages/flet/controls/base_control.py", line 478, in _trigger_event
    event_handler(e)
    │             └ Event(name='click', data=None)
    └ <function save_settings at 0x7faf98fb9900>

  File "/home/smn/github/config/main.py", line 34, in save_settings
    write_config(files_all.get('config_file'))
                 │         └ <method 'get' of 'dict' objects>
                 └ {'files_dir': 'files', 'log_dir': 'log', 'config_file': 'config.ini', 'config_set': 'DEFAULT'}

NameError: name 'write_config' is not defined
20:39:57 06.07.26 ERROR An error has been caught in function '_trigger_event', process 'MainProcess' (11363), thread 'MainThread' (140507543189376):
Traceback (most recent call last):

  File "/home/smn/github/config/main.py", line 59, in <module>
    run(main, view=AppView.FLET_APP)
    │   │          │       └ <AppView.FLET_APP: 'flet_app'>
    │   │          └ <enum 'AppView'>
    │   └ <function main at 0x7fca74da9d20>
    └ <function run at 0x7fca7516e1f0>

  File "/home/smn/github/config/.venv/lib/python3.14/site-packages/flet/app.py", line 125, in run
    return asyncio.run(
           │       └ <function run at 0x7fca758a1640>
           └ <module 'asyncio' from '/home/smn/.local/share/uv/python/cpython-3.14.6-linux-x86_64-gnu/lib/python3.14/asyncio/__init__.py'>
  File "/home/smn/.local/share/uv/python/cpython-3.14.6-linux-x86_64-gnu/lib/python3.14/asyncio/runners.py", line 205, in run
    return runner.run(main)
           │      │   └ <coroutine object run_async at 0x7fca74ebdf40>
           │      └ <function Runner.run at 0x7fca758a1bc0>
           └ <asyncio.runners.Runner object at 0x7fca74f4a510>
  File "/home/smn/.local/share/uv/python/cpython-3.14.6-linux-x86_64-gnu/lib/python3.14/asyncio/runners.py", line 128, in run
    return self._loop.run_until_complete(task)
           │    │     │                  └ <Task pending name='Task-1' coro=<run_async() running at /home/smn/github/config/.venv/lib/python3.14/site-packages/flet/app....
           │    │     └ <function BaseEventLoop.run_until_complete at 0x7fca7589de80>
           │    └ <_UnixSelectorEventLoop running=True closed=False debug=False>
           └ <asyncio.runners.Runner object at 0x7fca74f4a510>
  File "/home/smn/.local/share/uv/python/cpython-3.14.6-linux-x86_64-gnu/lib/python3.14/asyncio/base_events.py", line 706, in run_until_complete
    self.run_forever()
    │    └ <function BaseEventLoop.run_forever at 0x7fca7589ddd0>
    └ <_UnixSelectorEventLoop running=True closed=False debug=False>
  File "/home/smn/.local/share/uv/python/cpython-3.14.6-linux-x86_64-gnu/lib/python3.14/asyncio/base_events.py", line 677, in run_forever
    self._run_once()
    │    └ <function BaseEventLoop._run_once at 0x7fca7589fed0>
    └ <_UnixSelectorEventLoop running=True closed=False debug=False>
  File "/home/smn/.local/share/uv/python/cpython-3.14.6-linux-x86_64-gnu/lib/python3.14/asyncio/base_events.py", line 2056, in _run_once
    handle._run()
    │      └ <function Handle._run at 0x7fca75a7f8a0>
    └ <Handle <_asyncio.TaskStepMethWrapper object at 0x7fca7513aa10>()>
  File "/home/smn/.local/share/uv/python/cpython-3.14.6-linux-x86_64-gnu/lib/python3.14/asyncio/events.py", line 94, in _run
    self._context.run(self._callback, *self._args)
    │    │            │    │           │    └ <member '_args' of 'Handle' objects>
    │    │            │    │           └ <Handle <_asyncio.TaskStepMethWrapper object at 0x7fca7513aa10>()>
    │    │            │    └ <member '_callback' of 'Handle' objects>
    │    │            └ <Handle <_asyncio.TaskStepMethWrapper object at 0x7fca7513aa10>()>
    │    └ <member '_context' of 'Handle' objects>
    └ <Handle <_asyncio.TaskStepMethWrapper object at 0x7fca7513aa10>()>
  File "/home/smn/github/config/.venv/lib/python3.14/site-packages/flet/messaging/session.py", line 417, in dispatch_event
    await control._trigger_event(event_name, event_data)
          │       │              │           └ None
          │       │              └ 'click'
          │       └ <function BaseControl._trigger_event at 0x7fca756345c0>
          └ FilledButton(_i=5, _c='FilledButton', data=None, key=None, expand=None, expand_loose=False, col=12, opacity=1.0, tooltip=None...
> File "/home/smn/github/config/.venv/lib/python3.14/site-packages/flet/controls/base_control.py", line 478, in _trigger_event
    event_handler(e)
    │             └ Event(name='click', data=None)
    └ <function save_settings at 0x7fca74da9850>

  File "/home/smn/github/config/main.py", line 31, in save_settings
    write_config(files_all.get('config_file'))
                 │         └ <method 'get' of 'dict' objects>
                 └ {'files_dir': 'files', 'log_dir': 'log', 'config_file': 'config.ini', 'config_set': 'DEFAULT'}

NameError: name 'write_config' is not defined
20:40:02 06.07.26 ERROR An error has been caught in function '_trigger_event', process 'MainProcess' (11363), thread 'MainThread' (140507543189376):
Traceback (most recent call last):

  File "/home/smn/github/config/main.py", line 59, in <module>
    run(main, view=AppView.FLET_APP)
    │   │          │       └ <AppView.FLET_APP: 'flet_app'>
    │   │          └ <enum 'AppView'>
    │   └ <function main at 0x7fca74da9d20>
    └ <function run at 0x7fca7516e1f0>

  File "/home/smn/github/config/.venv/lib/python3.14/site-packages/flet/app.py", line 125, in run
    return asyncio.run(
           │       └ <function run at 0x7fca758a1640>
           └ <module 'asyncio' from '/home/smn/.local/share/uv/python/cpython-3.14.6-linux-x86_64-gnu/lib/python3.14/asyncio/__init__.py'>
  File "/home/smn/.local/share/uv/python/cpython-3.14.6-linux-x86_64-gnu/lib/python3.14/asyncio/runners.py", line 205, in run
    return runner.run(main)
           │      │   └ <coroutine object run_async at 0x7fca74ebdf40>
           │      └ <function Runner.run at 0x7fca758a1bc0>
           └ <asyncio.runners.Runner object at 0x7fca74f4a510>
  File "/home/smn/.local/share/uv/python/cpython-3.14.6-linux-x86_64-gnu/lib/python3.14/asyncio/runners.py", line 128, in run
    return self._loop.run_until_complete(task)
           │    │     │                  └ <Task pending name='Task-1' coro=<run_async() running at /home/smn/github/config/.venv/lib/python3.14/site-packages/flet/app....
           │    │     └ <function BaseEventLoop.run_until_complete at 0x7fca7589de80>
           │    └ <_UnixSelectorEventLoop running=True closed=False debug=False>
           └ <asyncio.runners.Runner object at 0x7fca74f4a510>
  File "/home/smn/.local/share/uv/python/cpython-3.14.6-linux-x86_64-gnu/lib/python3.14/asyncio/base_events.py", line 706, in run_until_complete
    self.run_forever()
    │    └ <function BaseEventLoop.run_forever at 0x7fca7589ddd0>
    └ <_UnixSelectorEventLoop running=True closed=False debug=False>
  File "/home/smn/.local/share/uv/python/cpython-3.14.6-linux-x86_64-gnu/lib/python3.14/asyncio/base_events.py", line 677, in run_forever
    self._run_once()
    │    └ <function BaseEventLoop._run_once at 0x7fca7589fed0>
    └ <_UnixSelectorEventLoop running=True closed=False debug=False>
  File "/home/smn/.local/share/uv/python/cpython-3.14.6-linux-x86_64-gnu/lib/python3.14/asyncio/base_events.py", line 2056, in _run_once
    handle._run()
    │      └ <function Handle._run at 0x7fca75a7f8a0>
    └ <Handle <_asyncio.TaskStepMethWrapper object at 0x7fca74cc6fb0>()>
  File "/home/smn/.local/share/uv/python/cpython-3.14.6-linux-x86_64-gnu/lib/python3.14/asyncio/events.py", line 94, in _run
    self._context.run(self._callback, *self._args)
    │    │            │    │           │    └ <member '_args' of 'Handle' objects>
    │    │            │    │           └ <Handle <_asyncio.TaskStepMethWrapper object at 0x7fca74cc6fb0>()>
    │    │            │    └ <member '_callback' of 'Handle' objects>
    │    │            └ <Handle <_asyncio.TaskStepMethWrapper object at 0x7fca74cc6fb0>()>
    │    └ <member '_context' of 'Handle' objects>
    └ <Handle <_asyncio.TaskStepMethWrapper object at 0x7fca74cc6fb0>()>
  File "/home/smn/github/config/.venv/lib/python3.14/site-packages/flet/messaging/session.py", line 417, in dispatch_event
    await control._trigger_event(event_name, event_data)
          │       │              │           └ None
          │       │              └ 'click'
          │       └ <function BaseControl._trigger_event at 0x7fca756345c0>
          └ FilledButton(_i=5, _c='FilledButton', data=None, key=None, expand=None, expand_loose=False, col=12, opacity=1.0, tooltip=None...
> File "/home/smn/github/config/.venv/lib/python3.14/site-packages/flet/controls/base_control.py", line 478, in _trigger_event
    event_handler(e)
    │             └ Event(name='click', data=None)
    └ <function save_settings at 0x7fca74da9850>

  File "/home/smn/github/config/main.py", line 31, in save_settings
    write_config(files_all.get('config_file'))
                 │         └ <method 'get' of 'dict' objects>
                 └ {'files_dir': 'files', 'log_dir': 'log', 'config_file': 'config.ini', 'config_set': 'DEFAULT'}

NameError: name 'write_config' is not defined
13:34:18 07.07.26 ERROR An error has been caught in function '_trigger_event', process 'MainProcess' (184302), thread 'MainThread' (139834939099008):
Traceback (most recent call last):

  File "/home/smn/github/config/main.py", line 59, in <module>
    run(main, view=AppView.FLET_APP)
    │   │          │       └ <AppView.FLET_APP: 'flet_app'>
    │   │          └ <enum 'AppView'>
    │   └ <function main at 0x7f2dda875d20>
    └ <function run at 0x7f2ddac3a1f0>

  File "/home/smn/github/config/.venv/lib/python3.14/site-packages/flet/app.py", line 125, in run
    return asyncio.run(
           │       └ <function run at 0x7f2ddb36d640>
           └ <module 'asyncio' from '/home/smn/.local/share/uv/python/cpython-3.14.6-linux-x86_64-gnu/lib/python3.14/asyncio/__init__.py'>
  File "/home/smn/.local/share/uv/python/cpython-3.14.6-linux-x86_64-gnu/lib/python3.14/asyncio/runners.py", line 205, in run
    return runner.run(main)
           │      │   └ <coroutine object run_async at 0x7f2dda989f40>
           │      └ <function Runner.run at 0x7f2ddb36dbc0>
           └ <asyncio.runners.Runner object at 0x7f2ddaa16510>
  File "/home/smn/.local/share/uv/python/cpython-3.14.6-linux-x86_64-gnu/lib/python3.14/asyncio/runners.py", line 128, in run
    return self._loop.run_until_complete(task)
           │    │     │                  └ <Task pending name='Task-1' coro=<run_async() running at /home/smn/github/config/.venv/lib/python3.14/site-packages/flet/app....
           │    │     └ <function BaseEventLoop.run_until_complete at 0x7f2ddb369e80>
           │    └ <_UnixSelectorEventLoop running=True closed=False debug=False>
           └ <asyncio.runners.Runner object at 0x7f2ddaa16510>
  File "/home/smn/.local/share/uv/python/cpython-3.14.6-linux-x86_64-gnu/lib/python3.14/asyncio/base_events.py", line 706, in run_until_complete
    self.run_forever()
    │    └ <function BaseEventLoop.run_forever at 0x7f2ddb369dd0>
    └ <_UnixSelectorEventLoop running=True closed=False debug=False>
  File "/home/smn/.local/share/uv/python/cpython-3.14.6-linux-x86_64-gnu/lib/python3.14/asyncio/base_events.py", line 677, in run_forever
    self._run_once()
    │    └ <function BaseEventLoop._run_once at 0x7f2ddb36bed0>
    └ <_UnixSelectorEventLoop running=True closed=False debug=False>
  File "/home/smn/.local/share/uv/python/cpython-3.14.6-linux-x86_64-gnu/lib/python3.14/asyncio/base_events.py", line 2056, in _run_once
    handle._run()
    │      └ <function Handle._run at 0x7f2ddb5478a0>
    └ <Handle <_asyncio.TaskStepMethWrapper object at 0x7f2dda8d0760>()>
  File "/home/smn/.local/share/uv/python/cpython-3.14.6-linux-x86_64-gnu/lib/python3.14/asyncio/events.py", line 94, in _run
    self._context.run(self._callback, *self._args)
    │    │            │    │           │    └ <member '_args' of 'Handle' objects>
    │    │            │    │           └ <Handle <_asyncio.TaskStepMethWrapper object at 0x7f2dda8d0760>()>
    │    │            │    └ <member '_callback' of 'Handle' objects>
    │    │            └ <Handle <_asyncio.TaskStepMethWrapper object at 0x7f2dda8d0760>()>
    │    └ <member '_context' of 'Handle' objects>
    └ <Handle <_asyncio.TaskStepMethWrapper object at 0x7f2dda8d0760>()>
  File "/home/smn/github/config/.venv/lib/python3.14/site-packages/flet/messaging/session.py", line 417, in dispatch_event
    await control._trigger_event(event_name, event_data)
          │       │              │           └ None
          │       │              └ 'click'
          │       └ <function BaseControl._trigger_event at 0x7f2ddb0fc5c0>
          └ FilledButton(_i=5, _c='FilledButton', data=None, key=None, expand=None, expand_loose=False, col=12, opacity=1.0, tooltip=None...
> File "/home/smn/github/config/.venv/lib/python3.14/site-packages/flet/controls/base_control.py", line 478, in _trigger_event
    event_handler(e)
    │             └ Event(name='click', data=None)
    └ <function save_settings at 0x7f2dda875850>

  File "/home/smn/github/config/main.py", line 31, in save_settings
    write_config(files_all.get('config_file'))
                 │         └ <method 'get' of 'dict' objects>
                 └ {'files_dir': 'files', 'log_dir': 'log', 'config_file': 'config.ini', 'config_set': 'DEFAULT'}

NameError: name 'write_config' is not defined
13:34:21 07.07.26 ERROR An error has been caught in function '_trigger_event', process 'MainProcess' (184302), thread 'MainThread' (139834939099008):
Traceback (most recent call last):

  File "/home/smn/github/config/main.py", line 59, in <module>
    run(main, view=AppView.FLET_APP)
    │   │          │       └ <AppView.FLET_APP: 'flet_app'>
    │   │          └ <enum 'AppView'>
    │   └ <function main at 0x7f2dda875d20>
    └ <function run at 0x7f2ddac3a1f0>

  File "/home/smn/github/config/.venv/lib/python3.14/site-packages/flet/app.py", line 125, in run
    return asyncio.run(
           │       └ <function run at 0x7f2ddb36d640>
           └ <module 'asyncio' from '/home/smn/.local/share/uv/python/cpython-3.14.6-linux-x86_64-gnu/lib/python3.14/asyncio/__init__.py'>
  File "/home/smn/.local/share/uv/python/cpython-3.14.6-linux-x86_64-gnu/lib/python3.14/asyncio/runners.py", line 205, in run
    return runner.run(main)
           │      │   └ <coroutine object run_async at 0x7f2dda989f40>
           │      └ <function Runner.run at 0x7f2ddb36dbc0>
           └ <asyncio.runners.Runner object at 0x7f2ddaa16510>
  File "/home/smn/.local/share/uv/python/cpython-3.14.6-linux-x86_64-gnu/lib/python3.14/asyncio/runners.py", line 128, in run
    return self._loop.run_until_complete(task)
           │    │     │                  └ <Task pending name='Task-1' coro=<run_async() running at /home/smn/github/config/.venv/lib/python3.14/site-packages/flet/app....
           │    │     └ <function BaseEventLoop.run_until_complete at 0x7f2ddb369e80>
           │    └ <_UnixSelectorEventLoop running=True closed=False debug=False>
           └ <asyncio.runners.Runner object at 0x7f2ddaa16510>
  File "/home/smn/.local/share/uv/python/cpython-3.14.6-linux-x86_64-gnu/lib/python3.14/asyncio/base_events.py", line 706, in run_until_complete
    self.run_forever()
    │    └ <function BaseEventLoop.run_forever at 0x7f2ddb369dd0>
    └ <_UnixSelectorEventLoop running=True closed=False debug=False>
  File "/home/smn/.local/share/uv/python/cpython-3.14.6-linux-x86_64-gnu/lib/python3.14/asyncio/base_events.py", line 677, in run_forever
    self._run_once()
    │    └ <function BaseEventLoop._run_once at 0x7f2ddb36bed0>
    └ <_UnixSelectorEventLoop running=True closed=False debug=False>
  File "/home/smn/.local/share/uv/python/cpython-3.14.6-linux-x86_64-gnu/lib/python3.14/asyncio/base_events.py", line 2056, in _run_once
    handle._run()
    │      └ <function Handle._run at 0x7f2ddb5478a0>
    └ <Handle <_asyncio.TaskStepMethWrapper object at 0x7f2dda7919f0>()>
  File "/home/smn/.local/share/uv/python/cpython-3.14.6-linux-x86_64-gnu/lib/python3.14/asyncio/events.py", line 94, in _run
    self._context.run(self._callback, *self._args)
    │    │            │    │           │    └ <member '_args' of 'Handle' objects>
    │    │            │    │           └ <Handle <_asyncio.TaskStepMethWrapper object at 0x7f2dda7919f0>()>
    │    │            │    └ <member '_callback' of 'Handle' objects>
    │    │            └ <Handle <_asyncio.TaskStepMethWrapper object at 0x7f2dda7919f0>()>
    │    └ <member '_context' of 'Handle' objects>
    └ <Handle <_asyncio.TaskStepMethWrapper object at 0x7f2dda7919f0>()>
  File "/home/smn/github/config/.venv/lib/python3.14/site-packages/flet/messaging/session.py", line 417, in dispatch_event
    await control._trigger_event(event_name, event_data)
          │       │              │           └ None
          │       │              └ 'click'
          │       └ <function BaseControl._trigger_event at 0x7f2ddb0fc5c0>
          └ FilledButton(_i=5, _c='FilledButton', data=None, key=None, expand=None, expand_loose=False, col=12, opacity=1.0, tooltip=None...
> File "/home/smn/github/config/.venv/lib/python3.14/site-packages/flet/controls/base_control.py", line 478, in _trigger_event
    event_handler(e)
    │             └ Event(name='click', data=None)
    └ <function save_settings at 0x7f2dda875850>

  File "/home/smn/github/config/main.py", line 31, in save_settings
    write_config(files_all.get('config_file'))
                 │         └ <method 'get' of 'dict' objects>
                 └ {'files_dir': 'files', 'log_dir': 'log', 'config_file': 'config.ini', 'config_set': 'DEFAULT'}

NameError: name 'write_config' is not defined
22:03:05 08.07.26 ERROR An error has been caught in function 'save_settings', process 'MainProcess' (4145), thread 'MainThread' (140677434578816):
Traceback (most recent call last):

  File "/home/smn/github/config/main.py", line 61, in <module>
    run(main, view=AppView.FLET_APP)
    │   │          │       └ <AppView.FLET_APP: 'flet_app'>
    │   │          └ <enum 'AppView'>
    │   └ <function main at 0x7ff2032aa400>
    └ <function run at 0x7ff203676090>

  File "/home/smn/github/config/.venv/lib/python3.14/site-packages/flet/app.py", line 125, in run
    return asyncio.run(
           │       └ <function run at 0x7ff203da54e0>
           └ <module 'asyncio' from '/home/smn/.local/share/uv/python/cpython-3.14.6-linux-x86_64-gnu/lib/python3.14/asyncio/__init__.py'>
  File "/home/smn/.local/share/uv/python/cpython-3.14.6-linux-x86_64-gnu/lib/python3.14/asyncio/runners.py", line 205, in run
    return runner.run(main)
           │      │   └ <coroutine object run_async at 0x7ff2033c5f40>
           │      └ <function Runner.run at 0x7ff203da5a60>
           └ <asyncio.runners.Runner object at 0x7ff20344e510>
  File "/home/smn/.local/share/uv/python/cpython-3.14.6-linux-x86_64-gnu/lib/python3.14/asyncio/runners.py", line 128, in run
    return self._loop.run_until_complete(task)
           │    │     │                  └ <Task pending name='Task-1' coro=<run_async() running at /home/smn/github/config/.venv/lib/python3.14/site-packages/flet/app....
           │    │     └ <function BaseEventLoop.run_until_complete at 0x7ff203da1d20>
           │    └ <_UnixSelectorEventLoop running=True closed=False debug=False>
           └ <asyncio.runners.Runner object at 0x7ff20344e510>
  File "/home/smn/.local/share/uv/python/cpython-3.14.6-linux-x86_64-gnu/lib/python3.14/asyncio/base_events.py", line 706, in run_until_complete
    self.run_forever()
    │    └ <function BaseEventLoop.run_forever at 0x7ff203da1c70>
    └ <_UnixSelectorEventLoop running=True closed=False debug=False>
  File "/home/smn/.local/share/uv/python/cpython-3.14.6-linux-x86_64-gnu/lib/python3.14/asyncio/base_events.py", line 677, in run_forever
    self._run_once()
    │    └ <function BaseEventLoop._run_once at 0x7ff203da3d70>
    └ <_UnixSelectorEventLoop running=True closed=False debug=False>
  File "/home/smn/.local/share/uv/python/cpython-3.14.6-linux-x86_64-gnu/lib/python3.14/asyncio/base_events.py", line 2056, in _run_once
    handle._run()
    │      └ <function Handle._run at 0x7ff203f83740>
    └ <Handle <_asyncio.TaskStepMethWrapper object at 0x7ff2031ca500>()>
  File "/home/smn/.local/share/uv/python/cpython-3.14.6-linux-x86_64-gnu/lib/python3.14/asyncio/events.py", line 94, in _run
    self._context.run(self._callback, *self._args)
    │    │            │    │           │    └ <member '_args' of 'Handle' objects>
    │    │            │    │           └ <Handle <_asyncio.TaskStepMethWrapper object at 0x7ff2031ca500>()>
    │    │            │    └ <member '_callback' of 'Handle' objects>
    │    │            └ <Handle <_asyncio.TaskStepMethWrapper object at 0x7ff2031ca500>()>
    │    └ <member '_context' of 'Handle' objects>
    └ <Handle <_asyncio.TaskStepMethWrapper object at 0x7ff2031ca500>()>
  File "/home/smn/github/config/.venv/lib/python3.14/site-packages/flet/messaging/session.py", line 417, in dispatch_event
    await control._trigger_event(event_name, event_data)
          │       │              │           └ None
          │       │              └ 'click'
          │       └ <function BaseControl._trigger_event at 0x7ff203b34460>
          └ FilledButton(_i=5, _c='FilledButton', data=None, key=None, expand=None, expand_loose=False, col=12, opacity=1.0, tooltip=None...
  File "/home/smn/github/config/.venv/lib/python3.14/site-packages/flet/controls/base_control.py", line 478, in _trigger_event
    event_handler(e)
    │             └ Event(name='click', data=None)
    └ <function save_settings at 0x7ff2032a9f30>

> File "/home/smn/github/config/main.py", line 33, in save_settings
    write_config(files_all.get('config_file'))
    │            │         └ <method 'get' of 'dict' objects>
    │            └ {'files_dir': 'files', 'log_dir': 'log', 'config_file': 'config.ini', 'config_set': 'DEFAULT'}
    └ <function write_config at 0x7ff2032a9850>

TypeError: write_config() takes 0 positional arguments but 1 was given
22:03:07 08.07.26 ERROR An error has been caught in function 'save_settings', process 'MainProcess' (4145), thread 'MainThread' (140677434578816):
Traceback (most recent call last):

  File "/home/smn/github/config/main.py", line 61, in <module>
    run(main, view=AppView.FLET_APP)
    │   │          │       └ <AppView.FLET_APP: 'flet_app'>
    │   │          └ <enum 'AppView'>
    │   └ <function main at 0x7ff2032aa400>
    └ <function run at 0x7ff203676090>

  File "/home/smn/github/config/.venv/lib/python3.14/site-packages/flet/app.py", line 125, in run
    return asyncio.run(
           │       └ <function run at 0x7ff203da54e0>
           └ <module 'asyncio' from '/home/smn/.local/share/uv/python/cpython-3.14.6-linux-x86_64-gnu/lib/python3.14/asyncio/__init__.py'>
  File "/home/smn/.local/share/uv/python/cpython-3.14.6-linux-x86_64-gnu/lib/python3.14/asyncio/runners.py", line 205, in run
    return runner.run(main)
           │      │   └ <coroutine object run_async at 0x7ff2033c5f40>
           │      └ <function Runner.run at 0x7ff203da5a60>
           └ <asyncio.runners.Runner object at 0x7ff20344e510>
  File "/home/smn/.local/share/uv/python/cpython-3.14.6-linux-x86_64-gnu/lib/python3.14/asyncio/runners.py", line 128, in run
    return self._loop.run_until_complete(task)
           │    │     │                  └ <Task pending name='Task-1' coro=<run_async() running at /home/smn/github/config/.venv/lib/python3.14/site-packages/flet/app....
           │    │     └ <function BaseEventLoop.run_until_complete at 0x7ff203da1d20>
           │    └ <_UnixSelectorEventLoop running=True closed=False debug=False>
           └ <asyncio.runners.Runner object at 0x7ff20344e510>
  File "/home/smn/.local/share/uv/python/cpython-3.14.6-linux-x86_64-gnu/lib/python3.14/asyncio/base_events.py", line 706, in run_until_complete
    self.run_forever()
    │    └ <function BaseEventLoop.run_forever at 0x7ff203da1c70>
    └ <_UnixSelectorEventLoop running=True closed=False debug=False>
  File "/home/smn/.local/share/uv/python/cpython-3.14.6-linux-x86_64-gnu/lib/python3.14/asyncio/base_events.py", line 677, in run_forever
    self._run_once()
    │    └ <function BaseEventLoop._run_once at 0x7ff203da3d70>
    └ <_UnixSelectorEventLoop running=True closed=False debug=False>
  File "/home/smn/.local/share/uv/python/cpython-3.14.6-linux-x86_64-gnu/lib/python3.14/asyncio/base_events.py", line 2056, in _run_once
    handle._run()
    │      └ <function Handle._run at 0x7ff203f83740>
    └ <Handle <_asyncio.TaskStepMethWrapper object at 0x7ff2034b5420>()>
  File "/home/smn/.local/share/uv/python/cpython-3.14.6-linux-x86_64-gnu/lib/python3.14/asyncio/events.py", line 94, in _run
    self._context.run(self._callback, *self._args)
    │    │            │    │           │    └ <member '_args' of 'Handle' objects>
    │    │            │    │           └ <Handle <_asyncio.TaskStepMethWrapper object at 0x7ff2034b5420>()>
    │    │            │    └ <member '_callback' of 'Handle' objects>
    │    │            └ <Handle <_asyncio.TaskStepMethWrapper object at 0x7ff2034b5420>()>
    │    └ <member '_context' of 'Handle' objects>
    └ <Handle <_asyncio.TaskStepMethWrapper object at 0x7ff2034b5420>()>
  File "/home/smn/github/config/.venv/lib/python3.14/site-packages/flet/messaging/session.py", line 417, in dispatch_event
    await control._trigger_event(event_name, event_data)
          │       │              │           └ None
          │       │              └ 'click'
          │       └ <function BaseControl._trigger_event at 0x7ff203b34460>
          └ FilledButton(_i=5, _c='FilledButton', data=None, key=None, expand=None, expand_loose=False, col=12, opacity=1.0, tooltip=None...
  File "/home/smn/github/config/.venv/lib/python3.14/site-packages/flet/controls/base_control.py", line 478, in _trigger_event
    event_handler(e)
    │             └ Event(name='click', data=None)
    └ <function save_settings at 0x7ff2032a9f30>

> File "/home/smn/github/config/main.py", line 33, in save_settings
    write_config(files_all.get('config_file'))
    │            │         └ <method 'get' of 'dict' objects>
    │            └ {'files_dir': 'files', 'log_dir': 'log', 'config_file': 'config.ini', 'config_set': 'DEFAULT'}
    └ <function write_config at 0x7ff2032a9850>

TypeError: write_config() takes 0 positional arguments but 1 was given
22:03:07 08.07.26 ERROR An error has been caught in function 'save_settings', process 'MainProcess' (4145), thread 'MainThread' (140677434578816):
Traceback (most recent call last):

  File "/home/smn/github/config/main.py", line 61, in <module>
    run(main, view=AppView.FLET_APP)
    │   │          │       └ <AppView.FLET_APP: 'flet_app'>
    │   │          └ <enum 'AppView'>
    │   └ <function main at 0x7ff2032aa400>
    └ <function run at 0x7ff203676090>

  File "/home/smn/github/config/.venv/lib/python3.14/site-packages/flet/app.py", line 125, in run
    return asyncio.run(
           │       └ <function run at 0x7ff203da54e0>
           └ <module 'asyncio' from '/home/smn/.local/share/uv/python/cpython-3.14.6-linux-x86_64-gnu/lib/python3.14/asyncio/__init__.py'>
  File "/home/smn/.local/share/uv/python/cpython-3.14.6-linux-x86_64-gnu/lib/python3.14/asyncio/runners.py", line 205, in run
    return runner.run(main)
           │      │   └ <coroutine object run_async at 0x7ff2033c5f40>
           │      └ <function Runner.run at 0x7ff203da5a60>
           └ <asyncio.runners.Runner object at 0x7ff20344e510>
  File "/home/smn/.local/share/uv/python/cpython-3.14.6-linux-x86_64-gnu/lib/python3.14/asyncio/runners.py", line 128, in run
    return self._loop.run_until_complete(task)
           │    │     │                  └ <Task pending name='Task-1' coro=<run_async() running at /home/smn/github/config/.venv/lib/python3.14/site-packages/flet/app....
           │    │     └ <function BaseEventLoop.run_until_complete at 0x7ff203da1d20>
           │    └ <_UnixSelectorEventLoop running=True closed=False debug=False>
           └ <asyncio.runners.Runner object at 0x7ff20344e510>
  File "/home/smn/.local/share/uv/python/cpython-3.14.6-linux-x86_64-gnu/lib/python3.14/asyncio/base_events.py", line 706, in run_until_complete
    self.run_forever()
    │    └ <function BaseEventLoop.run_forever at 0x7ff203da1c70>
    └ <_UnixSelectorEventLoop running=True closed=False debug=False>
  File "/home/smn/.local/share/uv/python/cpython-3.14.6-linux-x86_64-gnu/lib/python3.14/asyncio/base_events.py", line 677, in run_forever
    self._run_once()
    │    └ <function BaseEventLoop._run_once at 0x7ff203da3d70>
    └ <_UnixSelectorEventLoop running=True closed=False debug=False>
  File "/home/smn/.local/share/uv/python/cpython-3.14.6-linux-x86_64-gnu/lib/python3.14/asyncio/base_events.py", line 2056, in _run_once
    handle._run()
    │      └ <function Handle._run at 0x7ff203f83740>
    └ <Handle <_asyncio.TaskStepMethWrapper object at 0x7ff203554160>()>
  File "/home/smn/.local/share/uv/python/cpython-3.14.6-linux-x86_64-gnu/lib/python3.14/asyncio/events.py", line 94, in _run
    self._context.run(self._callback, *self._args)
    │    │            │    │           │    └ <member '_args' of 'Handle' objects>
    │    │            │    │           └ <Handle <_asyncio.TaskStepMethWrapper object at 0x7ff203554160>()>
    │    │            │    └ <member '_callback' of 'Handle' objects>
    │    │            └ <Handle <_asyncio.TaskStepMethWrapper object at 0x7ff203554160>()>
    │    └ <member '_context' of 'Handle' objects>
    └ <Handle <_asyncio.TaskStepMethWrapper object at 0x7ff203554160>()>
  File "/home/smn/github/config/.venv/lib/python3.14/site-packages/flet/messaging/session.py", line 417, in dispatch_event
    await control._trigger_event(event_name, event_data)
          │       │              │           └ None
          │       │              └ 'click'
          │       └ <function BaseControl._trigger_event at 0x7ff203b34460>
          └ FilledButton(_i=5, _c='FilledButton', data=None, key=None, expand=None, expand_loose=False, col=12, opacity=1.0, tooltip=None...
  File "/home/smn/github/config/.venv/lib/python3.14/site-packages/flet/controls/base_control.py", line 478, in _trigger_event
    event_handler(e)
    │             └ Event(name='click', data=None)
    └ <function save_settings at 0x7ff2032a9f30>

> File "/home/smn/github/config/main.py", line 33, in save_settings
    write_config(files_all.get('config_file'))
    │            │         └ <method 'get' of 'dict' objects>
    │            └ {'files_dir': 'files', 'log_dir': 'log', 'config_file': 'config.ini', 'config_set': 'DEFAULT'}
    └ <function write_config at 0x7ff2032a9850>

TypeError: write_config() takes 0 positional arguments but 1 was given
22:03:17 08.07.26 ERROR An error has been caught in function 'save_settings', process 'MainProcess' (4145), thread 'MainThread' (140677434578816):
Traceback (most recent call last):

  File "/home/smn/github/config/main.py", line 61, in <module>
    run(main, view=AppView.FLET_APP)
    │   │          │       └ <AppView.FLET_APP: 'flet_app'>
    │   │          └ <enum 'AppView'>
    │   └ <function main at 0x7ff2032aa400>
    └ <function run at 0x7ff203676090>

  File "/home/smn/github/config/.venv/lib/python3.14/site-packages/flet/app.py", line 125, in run
    return asyncio.run(
           │       └ <function run at 0x7ff203da54e0>
           └ <module 'asyncio' from '/home/smn/.local/share/uv/python/cpython-3.14.6-linux-x86_64-gnu/lib/python3.14/asyncio/__init__.py'>
  File "/home/smn/.local/share/uv/python/cpython-3.14.6-linux-x86_64-gnu/lib/python3.14/asyncio/runners.py", line 205, in run
    return runner.run(main)
           │      │   └ <coroutine object run_async at 0x7ff2033c5f40>
           │      └ <function Runner.run at 0x7ff203da5a60>
           └ <asyncio.runners.Runner object at 0x7ff20344e510>
  File "/home/smn/.local/share/uv/python/cpython-3.14.6-linux-x86_64-gnu/lib/python3.14/asyncio/runners.py", line 128, in run
    return self._loop.run_until_complete(task)
           │    │     │                  └ <Task pending name='Task-1' coro=<run_async() running at /home/smn/github/config/.venv/lib/python3.14/site-packages/flet/app....
           │    │     └ <function BaseEventLoop.run_until_complete at 0x7ff203da1d20>
           │    └ <_UnixSelectorEventLoop running=True closed=False debug=False>
           └ <asyncio.runners.Runner object at 0x7ff20344e510>
  File "/home/smn/.local/share/uv/python/cpython-3.14.6-linux-x86_64-gnu/lib/python3.14/asyncio/base_events.py", line 706, in run_until_complete
    self.run_forever()
    │    └ <function BaseEventLoop.run_forever at 0x7ff203da1c70>
    └ <_UnixSelectorEventLoop running=True closed=False debug=False>
  File "/home/smn/.local/share/uv/python/cpython-3.14.6-linux-x86_64-gnu/lib/python3.14/asyncio/base_events.py", line 677, in run_forever
    self._run_once()
    │    └ <function BaseEventLoop._run_once at 0x7ff203da3d70>
    └ <_UnixSelectorEventLoop running=True closed=False debug=False>
  File "/home/smn/.local/share/uv/python/cpython-3.14.6-linux-x86_64-gnu/lib/python3.14/asyncio/base_events.py", line 2056, in _run_once
    handle._run()
    │      └ <function Handle._run at 0x7ff203f83740>
    └ <Handle <_asyncio.TaskStepMethWrapper object at 0x7ff2035d6d70>()>
  File "/home/smn/.local/share/uv/python/cpython-3.14.6-linux-x86_64-gnu/lib/python3.14/asyncio/events.py", line 94, in _run
    self._context.run(self._callback, *self._args)
    │    │            │    │           │    └ <member '_args' of 'Handle' objects>
    │    │            │    │           └ <Handle <_asyncio.TaskStepMethWrapper object at 0x7ff2035d6d70>()>
    │    │            │    └ <member '_callback' of 'Handle' objects>
    │    │            └ <Handle <_asyncio.TaskStepMethWrapper object at 0x7ff2035d6d70>()>
    │    └ <member '_context' of 'Handle' objects>
    └ <Handle <_asyncio.TaskStepMethWrapper object at 0x7ff2035d6d70>()>
  File "/home/smn/github/config/.venv/lib/python3.14/site-packages/flet/messaging/session.py", line 417, in dispatch_event
    await control._trigger_event(event_name, event_data)
          │       │              │           └ None
          │       │              └ 'click'
          │       └ <function BaseControl._trigger_event at 0x7ff203b34460>
          └ FilledButton(_i=5, _c='FilledButton', data=None, key=None, expand=None, expand_loose=False, col=12, opacity=1.0, tooltip=None...
  File "/home/smn/github/config/.venv/lib/python3.14/site-packages/flet/controls/base_control.py", line 478, in _trigger_event
    event_handler(e)
    │             └ Event(name='click', data=None)
    └ <function save_settings at 0x7ff2032a9f30>

> File "/home/smn/github/config/main.py", line 33, in save_settings
    write_config(files_all.get('config_file'))
    │            │         └ <method 'get' of 'dict' objects>
    │            └ {'files_dir': 'files', 'log_dir': 'log', 'config_file': 'config.ini', 'config_set': 'DEFAULT'}
    └ <function write_config at 0x7ff2032a9850>

TypeError: write_config() takes 0 positional arguments but 1 was given
